{"/Users/tylertowery/Desktop/HackReactor/Duplicates/sprite/client/src/components/Modal/AddAnswerForm.jsx": {"path":"/Users/tylertowery/Desktop/HackReactor/Duplicates/sprite/client/src/components/Modal/AddAnswerForm.jsx","statementMap":{"0":{"start":{"line":11,"column":38},"end":{"line":15,"column":4}},"1":{"start":{"line":18,"column":4},"end":{"line":18,"column":23}},"2":{"start":{"line":19,"column":20},"end":{"line":25,"column":5}},"3":{"start":{"line":26,"column":4},"end":{"line":31,"column":38}},"4":{"start":{"line":29,"column":8},"end":{"line":29,"column":33}},"5":{"start":{"line":31,"column":22},"end":{"line":31,"column":36}},"6":{"start":{"line":33,"column":2},"end":{"line":92,"column":4}},"7":{"start":{"line":48,"column":29},"end":{"line":48,"column":46}},"8":{"start":{"line":49,"column":12},"end":{"line":49,"column":43}},"9":{"start":{"line":50,"column":12},"end":{"line":50,"column":36}},"10":{"start":{"line":63,"column":27},"end":{"line":63,"column":44}},"11":{"start":{"line":64,"column":10},"end":{"line":64,"column":41}},"12":{"start":{"line":65,"column":10},"end":{"line":65,"column":34}},"13":{"start":{"line":78,"column":29},"end":{"line":78,"column":46}},"14":{"start":{"line":79,"column":12},"end":{"line":79,"column":43}},"15":{"start":{"line":80,"column":12},"end":{"line":80,"column":36}},"16":{"start":{"line":95,"column":0},"end":{"line":106,"column":2}}},"fnMap":{"0":{"name":"AddQuestionForm","decl":{"start":{"line":5,"column":24},"end":{"line":5,"column":39}},"loc":{"start":{"line":10,"column":3},"end":{"line":93,"column":1}},"line":10},"1":{"name":"handleSubmit","decl":{"start":{"line":17,"column":11},"end":{"line":17,"column":23}},"loc":{"start":{"line":17,"column":27},"end":{"line":32,"column":3}},"line":17},"2":{"name":"(anonymous_2)","decl":{"start":{"line":28,"column":12},"end":{"line":28,"column":13}},"loc":{"start":{"line":28,"column":18},"end":{"line":30,"column":7}},"line":28},"3":{"name":"(anonymous_3)","decl":{"start":{"line":31,"column":13},"end":{"line":31,"column":14}},"loc":{"start":{"line":31,"column":22},"end":{"line":31,"column":36}},"line":31},"4":{"name":"(anonymous_4)","decl":{"start":{"line":47,"column":20},"end":{"line":47,"column":21}},"loc":{"start":{"line":47,"column":27},"end":{"line":51,"column":11}},"line":47},"5":{"name":"(anonymous_5)","decl":{"start":{"line":62,"column":18},"end":{"line":62,"column":19}},"loc":{"start":{"line":62,"column":25},"end":{"line":66,"column":9}},"line":62},"6":{"name":"(anonymous_6)","decl":{"start":{"line":77,"column":20},"end":{"line":77,"column":21}},"loc":{"start":{"line":77,"column":27},"end":{"line":81,"column":11}},"line":77}},"branchMap":{},"s":{"0":0,"1":0,"2":0,"3":0,"4":0,"5":0,"6":0,"7":0,"8":0,"9":0,"10":0,"11":0,"12":0,"13":0,"14":0,"15":0,"16":1},"f":{"0":0,"1":0,"2":0,"3":0,"4":0,"5":0,"6":0},"b":{},"_coverageSchema":"1a1c01bbd47fc00a2c39e90264f33305004495a9","hash":"03e2600b31736505940029f5981b79ebae5a89da"}
,"/Users/tylertowery/Desktop/HackReactor/Duplicates/sprite/client/src/components/Modal/AddQuestionForm.jsx": {"path":"/Users/tylertowery/Desktop/HackReactor/Duplicates/sprite/client/src/components/Modal/AddQuestionForm.jsx","statementMap":{"0":{"start":{"line":10,"column":42},"end":{"line":14,"column":4}},"1":{"start":{"line":17,"column":4},"end":{"line":17,"column":23}},"2":{"start":{"line":18,"column":20},"end":{"line":23,"column":5}},"3":{"start":{"line":24,"column":4},"end":{"line":24,"column":45}},"4":{"start":{"line":25,"column":4},"end":{"line":31,"column":38}},"5":{"start":{"line":28,"column":8},"end":{"line":28,"column":31}},"6":{"start":{"line":29,"column":8},"end":{"line":29,"column":33}},"7":{"start":{"line":31,"column":22},"end":{"line":31,"column":36}},"8":{"start":{"line":33,"column":2},"end":{"line":85,"column":4}},"9":{"start":{"line":47,"column":29},"end":{"line":47,"column":48}},"10":{"start":{"line":48,"column":12},"end":{"line":48,"column":43}},"11":{"start":{"line":49,"column":12},"end":{"line":49,"column":38}},"12":{"start":{"line":62,"column":27},"end":{"line":62,"column":46}},"13":{"start":{"line":63,"column":10},"end":{"line":63,"column":41}},"14":{"start":{"line":64,"column":10},"end":{"line":64,"column":36}},"15":{"start":{"line":77,"column":29},"end":{"line":77,"column":48}},"16":{"start":{"line":78,"column":12},"end":{"line":78,"column":44}},"17":{"start":{"line":79,"column":12},"end":{"line":79,"column":38}},"18":{"start":{"line":88,"column":0},"end":{"line":95,"column":2}}},"fnMap":{"0":{"name":"AddQuestionForm","decl":{"start":{"line":5,"column":24},"end":{"line":5,"column":39}},"loc":{"start":{"line":9,"column":3},"end":{"line":86,"column":1}},"line":9},"1":{"name":"handleSubmit","decl":{"start":{"line":16,"column":11},"end":{"line":16,"column":23}},"loc":{"start":{"line":16,"column":27},"end":{"line":32,"column":3}},"line":16},"2":{"name":"(anonymous_2)","decl":{"start":{"line":27,"column":12},"end":{"line":27,"column":13}},"loc":{"start":{"line":27,"column":18},"end":{"line":30,"column":7}},"line":27},"3":{"name":"(anonymous_3)","decl":{"start":{"line":31,"column":13},"end":{"line":31,"column":14}},"loc":{"start":{"line":31,"column":22},"end":{"line":31,"column":36}},"line":31},"4":{"name":"(anonymous_4)","decl":{"start":{"line":46,"column":20},"end":{"line":46,"column":21}},"loc":{"start":{"line":46,"column":27},"end":{"line":50,"column":11}},"line":46},"5":{"name":"(anonymous_5)","decl":{"start":{"line":61,"column":18},"end":{"line":61,"column":19}},"loc":{"start":{"line":61,"column":25},"end":{"line":65,"column":9}},"line":61},"6":{"name":"(anonymous_6)","decl":{"start":{"line":76,"column":20},"end":{"line":76,"column":21}},"loc":{"start":{"line":76,"column":27},"end":{"line":80,"column":11}},"line":76}},"branchMap":{},"s":{"0":0,"1":0,"2":0,"3":0,"4":0,"5":0,"6":0,"7":0,"8":0,"9":0,"10":0,"11":0,"12":0,"13":0,"14":0,"15":0,"16":0,"17":0,"18":1},"f":{"0":0,"1":0,"2":0,"3":0,"4":0,"5":0,"6":0},"b":{},"_coverageSchema":"1a1c01bbd47fc00a2c39e90264f33305004495a9","hash":"911ed8b7b0e06d4dd965033598df1fc5f7160805"}
,"/Users/tylertowery/Desktop/HackReactor/Duplicates/sprite/client/src/components/Modal/AddReviewForm.jsx": {"path":"/Users/tylertowery/Desktop/HackReactor/Duplicates/sprite/client/src/components/Modal/AddReviewForm.jsx","statementMap":{"0":{"start":{"line":6,"column":42},"end":{"line":14,"column":4}},"1":{"start":{"line":15,"column":20},"end":{"line":21,"column":3}},"2":{"start":{"line":22,"column":26},"end":{"line":65,"column":3}},"3":{"start":{"line":68,"column":4},"end":{"line":68,"column":23}},"4":{"start":{"line":69,"column":20},"end":{"line":79,"column":5}},"5":{"start":{"line":80,"column":4},"end":{"line":80,"column":45}},"6":{"start":{"line":81,"column":4},"end":{"line":86,"column":38}},"7":{"start":{"line":84,"column":8},"end":{"line":84,"column":31}},"8":{"start":{"line":86,"column":22},"end":{"line":86,"column":36}},"9":{"start":{"line":90,"column":16},"end":{"line":90,"column":35}},"10":{"start":{"line":91,"column":4},"end":{"line":91,"column":44}},"11":{"start":{"line":92,"column":4},"end":{"line":92,"column":25}},"12":{"start":{"line":94,"column":2},"end":{"line":159,"column":4}},"13":{"start":{"line":106,"column":10},"end":{"line":118,"column":18}},"14":{"start":{"line":112,"column":28},"end":{"line":112,"column":47}},"15":{"start":{"line":113,"column":16},"end":{"line":113,"column":48}},"16":{"start":{"line":114,"column":16},"end":{"line":114,"column":37}},"17":{"start":{"line":135,"column":8},"end":{"line":149,"column":14}},"18":{"start":{"line":139,"column":12},"end":{"line":147,"column":20}},"19":{"start":{"line":144,"column":31},"end":{"line":144,"column":66}},"20":{"start":{"line":162,"column":0},"end":{"line":167,"column":2}}},"fnMap":{"0":{"name":"AddQuestionForm","decl":{"start":{"line":5,"column":24},"end":{"line":5,"column":39}},"loc":{"start":{"line":5,"column":56},"end":{"line":160,"column":1}},"line":5},"1":{"name":"handleSubmit","decl":{"start":{"line":67,"column":11},"end":{"line":67,"column":23}},"loc":{"start":{"line":67,"column":27},"end":{"line":87,"column":3}},"line":67},"2":{"name":"(anonymous_2)","decl":{"start":{"line":83,"column":12},"end":{"line":83,"column":13}},"loc":{"start":{"line":83,"column":18},"end":{"line":85,"column":7}},"line":83},"3":{"name":"(anonymous_3)","decl":{"start":{"line":86,"column":13},"end":{"line":86,"column":14}},"loc":{"start":{"line":86,"column":22},"end":{"line":86,"column":36}},"line":86},"4":{"name":"handleCharacteristicTip","decl":{"start":{"line":89,"column":11},"end":{"line":89,"column":34}},"loc":{"start":{"line":89,"column":47},"end":{"line":93,"column":3}},"line":89},"5":{"name":"(anonymous_5)","decl":{"start":{"line":105,"column":36},"end":{"line":105,"column":37}},"loc":{"start":{"line":106,"column":10},"end":{"line":118,"column":18}},"line":106},"6":{"name":"(anonymous_6)","decl":{"start":{"line":111,"column":23},"end":{"line":111,"column":24}},"loc":{"start":{"line":111,"column":29},"end":{"line":115,"column":15}},"line":111},"7":{"name":"(anonymous_7)","decl":{"start":{"line":134,"column":40},"end":{"line":134,"column":41}},"loc":{"start":{"line":135,"column":8},"end":{"line":149,"column":14}},"line":135},"8":{"name":"(anonymous_8)","decl":{"start":{"line":138,"column":50},"end":{"line":138,"column":51}},"loc":{"start":{"line":139,"column":12},"end":{"line":147,"column":20}},"line":139},"9":{"name":"(anonymous_9)","decl":{"start":{"line":144,"column":25},"end":{"line":144,"column":26}},"loc":{"start":{"line":144,"column":31},"end":{"line":144,"column":66}},"line":144}},"branchMap":{},"s":{"0":0,"1":0,"2":0,"3":0,"4":0,"5":0,"6":0,"7":0,"8":0,"9":0,"10":0,"11":0,"12":0,"13":0,"14":0,"15":0,"16":0,"17":0,"18":0,"19":0,"20":1},"f":{"0":0,"1":0,"2":0,"3":0,"4":0,"5":0,"6":0,"7":0,"8":0,"9":0},"b":{},"_coverageSchema":"1a1c01bbd47fc00a2c39e90264f33305004495a9","hash":"33ed3160f43ac7ac7e500bc92b4f23079400200e"}
,"/Users/tylertowery/Desktop/HackReactor/Duplicates/sprite/client/src/components/Modal/ImageExpand.jsx": {"path":"/Users/tylertowery/Desktop/HackReactor/Duplicates/sprite/client/src/components/Modal/ImageExpand.jsx","statementMap":{"0":{"start":{"line":5,"column":2},"end":{"line":5,"column":61}},"1":{"start":{"line":8,"column":0},"end":{"line":13,"column":13}}},"fnMap":{"0":{"name":"ImageExpand","decl":{"start":{"line":4,"column":24},"end":{"line":4,"column":35}},"loc":{"start":{"line":4,"column":50},"end":{"line":6,"column":1}},"line":4}},"branchMap":{},"s":{"0":0,"1":1},"f":{"0":0},"b":{},"_coverageSchema":"1a1c01bbd47fc00a2c39e90264f33305004495a9","hash":"80c20471cabc7e3bbf8b091bbe240709404a0c3e"}
,"/Users/tylertowery/Desktop/HackReactor/Duplicates/sprite/client/src/components/Modal/ModalRoute.jsx": {"path":"/Users/tylertowery/Desktop/HackReactor/Duplicates/sprite/client/src/components/Modal/ModalRoute.jsx","statementMap":{"0":{"start":{"line":10,"column":2},"end":{"line":36,"column":3}},"1":{"start":{"line":12,"column":6},"end":{"line":18,"column":8}},"2":{"start":{"line":20,"column":6},"end":{"line":27,"column":8}},"3":{"start":{"line":29,"column":6},"end":{"line":31,"column":8}},"4":{"start":{"line":33,"column":6},"end":{"line":33,"column":70}},"5":{"start":{"line":35,"column":6},"end":{"line":35,"column":37}},"6":{"start":{"line":39,"column":0},"end":{"line":56,"column":2}}},"fnMap":{"0":{"name":"ModalRoute","decl":{"start":{"line":9,"column":24},"end":{"line":9,"column":34}},"loc":{"start":{"line":9,"column":72},"end":{"line":37,"column":1}},"line":9}},"branchMap":{"0":{"loc":{"start":{"line":10,"column":2},"end":{"line":36,"column":3}},"type":"switch","locations":[{"start":{"line":11,"column":4},"end":{"line":18,"column":8}},{"start":{"line":19,"column":4},"end":{"line":27,"column":8}},{"start":{"line":28,"column":4},"end":{"line":31,"column":8}},{"start":{"line":32,"column":4},"end":{"line":33,"column":70}},{"start":{"line":34,"column":4},"end":{"line":35,"column":37}}],"line":10}},"s":{"0":0,"1":0,"2":0,"3":0,"4":0,"5":0,"6":1},"f":{"0":0},"b":{"0":[0,0,0,0,0]},"_coverageSchema":"1a1c01bbd47fc00a2c39e90264f33305004495a9","hash":"63583aa715a1c5d6dfc072a0b3ad3a8ff7fd5f9b"}
,"/Users/tylertowery/Desktop/HackReactor/Duplicates/sprite/client/src/components/QuestionAnswers/QAItem.jsx": {"path":"/Users/tylertowery/Desktop/HackReactor/Duplicates/sprite/client/src/components/QuestionAnswers/QAItem.jsx","statementMap":{"0":{"start":{"line":10,"column":36},"end":{"line":10,"column":51}},"1":{"start":{"line":11,"column":40},"end":{"line":11,"column":55}},"2":{"start":{"line":12,"column":38},"end":{"line":12,"column":50}},"3":{"start":{"line":13,"column":46},"end":{"line":13,"column":58}},"4":{"start":{"line":15,"column":2},"end":{"line":22,"column":9}},"5":{"start":{"line":16,"column":17},"end":{"line":18,"column":5}},"6":{"start":{"line":17,"column":16},"end":{"line":17,"column":45}},"7":{"start":{"line":19,"column":4},"end":{"line":19,"column":56}},"8":{"start":{"line":19,"column":27},"end":{"line":19,"column":56}},"9":{"start":{"line":20,"column":4},"end":{"line":20,"column":40}},"10":{"start":{"line":21,"column":4},"end":{"line":21,"column":33}},"11":{"start":{"line":23,"column":18},"end":{"line":23,"column":36}},"12":{"start":{"line":24,"column":2},"end":{"line":78,"column":4}},"13":{"start":{"line":34,"column":49},"end":{"line":34,"column":73}},"14":{"start":{"line":55,"column":12},"end":{"line":55,"column":50}},"15":{"start":{"line":63,"column":12},"end":{"line":67,"column":14}},"16":{"start":{"line":82,"column":36},"end":{"line":82,"column":51}},"17":{"start":{"line":83,"column":34},"end":{"line":83,"column":49}},"18":{"start":{"line":84,"column":34},"end":{"line":84,"column":46}},"19":{"start":{"line":86,"column":18},"end":{"line":90,"column":3}},"20":{"start":{"line":91,"column":24},"end":{"line":94,"column":3}},"21":{"start":{"line":96,"column":22},"end":{"line":99,"column":3}},"22":{"start":{"line":97,"column":4},"end":{"line":97,"column":23}},"23":{"start":{"line":98,"column":4},"end":{"line":98,"column":29}},"24":{"start":{"line":101,"column":2},"end":{"line":157,"column":4}},"25":{"start":{"line":111,"column":10},"end":{"line":134,"column":16}},"26":{"start":{"line":116,"column":29},"end":{"line":116,"column":47}},"27":{"start":{"line":160,"column":0},"end":{"line":172,"column":2}},"28":{"start":{"line":174,"column":0},"end":{"line":182,"column":2}}},"fnMap":{"0":{"name":"QAItem","decl":{"start":{"line":9,"column":24},"end":{"line":9,"column":30}},"loc":{"start":{"line":9,"column":51},"end":{"line":79,"column":1}},"line":9},"1":{"name":"(anonymous_1)","decl":{"start":{"line":15,"column":12},"end":{"line":15,"column":13}},"loc":{"start":{"line":15,"column":18},"end":{"line":22,"column":3}},"line":15},"2":{"name":"(anonymous_2)","decl":{"start":{"line":17,"column":6},"end":{"line":17,"column":7}},"loc":{"start":{"line":17,"column":16},"end":{"line":17,"column":45}},"line":17},"3":{"name":"(anonymous_3)","decl":{"start":{"line":34,"column":43},"end":{"line":34,"column":44}},"loc":{"start":{"line":34,"column":49},"end":{"line":34,"column":73}},"line":34},"4":{"name":"(anonymous_4)","decl":{"start":{"line":54,"column":30},"end":{"line":54,"column":31}},"loc":{"start":{"line":55,"column":12},"end":{"line":55,"column":50}},"line":55},"5":{"name":"(anonymous_5)","decl":{"start":{"line":62,"column":19},"end":{"line":62,"column":20}},"loc":{"start":{"line":63,"column":12},"end":{"line":67,"column":14}},"line":63},"6":{"name":"AnswerItem","decl":{"start":{"line":81,"column":9},"end":{"line":81,"column":19}},"loc":{"start":{"line":81,"column":32},"end":{"line":158,"column":1}},"line":81},"7":{"name":"(anonymous_7)","decl":{"start":{"line":96,"column":22},"end":{"line":96,"column":23}},"loc":{"start":{"line":96,"column":33},"end":{"line":99,"column":3}},"line":96},"8":{"name":"(anonymous_8)","decl":{"start":{"line":110,"column":27},"end":{"line":110,"column":28}},"loc":{"start":{"line":111,"column":10},"end":{"line":134,"column":16}},"line":111},"9":{"name":"(anonymous_9)","decl":{"start":{"line":116,"column":23},"end":{"line":116,"column":24}},"loc":{"start":{"line":116,"column":29},"end":{"line":116,"column":47}},"line":116}},"branchMap":{"0":{"loc":{"start":{"line":19,"column":4},"end":{"line":19,"column":56}},"type":"if","locations":[{"start":{"line":19,"column":4},"end":{"line":19,"column":56}},{"start":{},"end":{}}],"line":19},"1":{"loc":{"start":{"line":38,"column":13},"end":{"line":49,"column":15}},"type":"binary-expr","locations":[{"start":{"line":38,"column":13},"end":{"line":38,"column":22}},{"start":{"line":39,"column":14},"end":{"line":49,"column":15}}],"line":38},"2":{"loc":{"start":{"line":59,"column":7},"end":{"line":76,"column":14}},"type":"cond-expr","locations":[{"start":{"line":60,"column":8},"end":{"line":75,"column":17}},{"start":{"line":76,"column":10},"end":{"line":76,"column":14}}],"line":59},"3":{"loc":{"start":{"line":59,"column":7},"end":{"line":59,"column":73}},"type":"binary-expr","locations":[{"start":{"line":59,"column":7},"end":{"line":59,"column":28}},{"start":{"line":59,"column":32},"end":{"line":59,"column":73}}],"line":59},"4":{"loc":{"start":{"line":71,"column":13},"end":{"line":73,"column":26}},"type":"cond-expr","locations":[{"start":{"line":72,"column":16},"end":{"line":72,"column":35}},{"start":{"line":73,"column":16},"end":{"line":73,"column":26}}],"line":71},"5":{"loc":{"start":{"line":120,"column":13},"end":{"line":133,"column":15}},"type":"binary-expr","locations":[{"start":{"line":120,"column":13},"end":{"line":120,"column":22}},{"start":{"line":121,"column":14},"end":{"line":133,"column":15}}],"line":120},"6":{"loc":{"start":{"line":145,"column":9},"end":{"line":154,"column":9}},"type":"cond-expr","locations":[{"start":{"line":146,"column":10},"end":{"line":151,"column":12}},{"start":{"line":153,"column":10},"end":{"line":153,"column":33}}],"line":145}},"s":{"0":0,"1":0,"2":0,"3":0,"4":0,"5":0,"6":0,"7":0,"8":0,"9":0,"10":0,"11":0,"12":0,"13":0,"14":0,"15":0,"16":0,"17":0,"18":0,"19":0,"20":0,"21":0,"22":0,"23":0,"24":0,"25":0,"26":0,"27":1,"28":1},"f":{"0":0,"1":0,"2":0,"3":0,"4":0,"5":0,"6":0,"7":0,"8":0,"9":0},"b":{"0":[0,0],"1":[0,0],"2":[0,0],"3":[0,0],"4":[0,0],"5":[0,0],"6":[0,0]},"_coverageSchema":"1a1c01bbd47fc00a2c39e90264f33305004495a9","hash":"576cc521dee924c735a441f7549a0d1b4aa8dcf1"}
,"/Users/tylertowery/Desktop/HackReactor/Duplicates/sprite/client/src/components/RelatedProducts/Outfit.jsx": {"path":"/Users/tylertowery/Desktop/HackReactor/Duplicates/sprite/client/src/components/RelatedProducts/Outfit.jsx","statementMap":{"0":{"start":{"line":7,"column":28},"end":{"line":7,"column":40}},"1":{"start":{"line":8,"column":2},"end":{"line":17,"column":9}},"2":{"start":{"line":9,"column":4},"end":{"line":16,"column":38}},"3":{"start":{"line":11,"column":26},"end":{"line":11,"column":45}},"4":{"start":{"line":12,"column":30},"end":{"line":12,"column":95}},"5":{"start":{"line":12,"column":58},"end":{"line":12,"column":94}},"6":{"start":{"line":13,"column":25},"end":{"line":13,"column":55}},"7":{"start":{"line":14,"column":8},"end":{"line":14,"column":27}},"8":{"start":{"line":16,"column":22},"end":{"line":16,"column":36}},"9":{"start":{"line":19,"column":2},"end":{"line":35,"column":4}},"10":{"start":{"line":38,"column":0},"end":{"line":40,"column":2}}},"fnMap":{"0":{"name":"Outfit","decl":{"start":{"line":6,"column":24},"end":{"line":6,"column":30}},"loc":{"start":{"line":6,"column":67},"end":{"line":36,"column":1}},"line":6},"1":{"name":"(anonymous_1)","decl":{"start":{"line":8,"column":12},"end":{"line":8,"column":13}},"loc":{"start":{"line":8,"column":18},"end":{"line":17,"column":3}},"line":8},"2":{"name":"(anonymous_2)","decl":{"start":{"line":10,"column":12},"end":{"line":10,"column":13}},"loc":{"start":{"line":10,"column":24},"end":{"line":15,"column":7}},"line":10},"3":{"name":"(anonymous_3)","decl":{"start":{"line":12,"column":47},"end":{"line":12,"column":48}},"loc":{"start":{"line":12,"column":58},"end":{"line":12,"column":94}},"line":12},"4":{"name":"(anonymous_4)","decl":{"start":{"line":16,"column":13},"end":{"line":16,"column":14}},"loc":{"start":{"line":16,"column":22},"end":{"line":16,"column":36}},"line":16}},"branchMap":{"0":{"loc":{"start":{"line":22,"column":9},"end":{"line":22,"column":393}},"type":"cond-expr","locations":[{"start":{"line":22,"column":17},"end":{"line":22,"column":153}},{"start":{"line":22,"column":156},"end":{"line":22,"column":393}}],"line":22}},"s":{"0":4,"1":4,"2":0,"3":0,"4":0,"5":0,"6":0,"7":0,"8":0,"9":4,"10":1},"f":{"0":4,"1":0,"2":0,"3":0,"4":0},"b":{"0":[0,4]},"_coverageSchema":"1a1c01bbd47fc00a2c39e90264f33305004495a9","hash":"2ca3f11dcbb63c898639d28bbe2e0faaa6bfe045"}
,"/Users/tylertowery/Desktop/HackReactor/Duplicates/sprite/client/src/components/reusable/Helpful.jsx": {"path":"/Users/tylertowery/Desktop/HackReactor/Duplicates/sprite/client/src/components/reusable/Helpful.jsx","statementMap":{"0":{"start":{"line":5,"column":42},"end":{"line":5,"column":53}},"1":{"start":{"line":6,"column":30},"end":{"line":6,"column":45}},"2":{"start":{"line":7,"column":2},"end":{"line":11,"column":9}},"3":{"start":{"line":8,"column":4},"end":{"line":10,"column":5}},"4":{"start":{"line":9,"column":6},"end":{"line":9,"column":31}},"5":{"start":{"line":13,"column":4},"end":{"line":19,"column":38}},"6":{"start":{"line":16,"column":8},"end":{"line":16,"column":42}},"7":{"start":{"line":17,"column":8},"end":{"line":17,"column":27}},"8":{"start":{"line":19,"column":22},"end":{"line":19,"column":36}},"9":{"start":{"line":21,"column":2},"end":{"line":35,"column":4}},"10":{"start":{"line":31,"column":53},"end":{"line":31,"column":66}}},"fnMap":{"0":{"name":"Helpful","decl":{"start":{"line":4,"column":24},"end":{"line":4,"column":31}},"loc":{"start":{"line":4,"column":55},"end":{"line":36,"column":1}},"line":4},"1":{"name":"(anonymous_1)","decl":{"start":{"line":7,"column":12},"end":{"line":7,"column":13}},"loc":{"start":{"line":7,"column":18},"end":{"line":11,"column":3}},"line":7},"2":{"name":"sendHelpful","decl":{"start":{"line":12,"column":11},"end":{"line":12,"column":22}},"loc":{"start":{"line":12,"column":25},"end":{"line":20,"column":3}},"line":12},"3":{"name":"(anonymous_3)","decl":{"start":{"line":15,"column":12},"end":{"line":15,"column":13}},"loc":{"start":{"line":15,"column":18},"end":{"line":18,"column":7}},"line":15},"4":{"name":"(anonymous_4)","decl":{"start":{"line":19,"column":13},"end":{"line":19,"column":14}},"loc":{"start":{"line":19,"column":22},"end":{"line":19,"column":36}},"line":19},"5":{"name":"(anonymous_5)","decl":{"start":{"line":31,"column":47},"end":{"line":31,"column":48}},"loc":{"start":{"line":31,"column":53},"end":{"line":31,"column":66}},"line":31}},"branchMap":{"0":{"loc":{"start":{"line":8,"column":4},"end":{"line":10,"column":5}},"type":"if","locations":[{"start":{"line":8,"column":4},"end":{"line":10,"column":5}},{"start":{},"end":{}}],"line":8},"1":{"loc":{"start":{"line":31,"column":37},"end":{"line":31,"column":73}},"type":"cond-expr","locations":[{"start":{"line":31,"column":47},"end":{"line":31,"column":66}},{"start":{"line":31,"column":69},"end":{"line":31,"column":73}}],"line":31}},"s":{"0":0,"1":0,"2":0,"3":0,"4":0,"5":0,"6":0,"7":0,"8":0,"9":0,"10":0},"f":{"0":0,"1":0,"2":0,"3":0,"4":0,"5":0},"b":{"0":[0,0],"1":[0,0]},"_coverageSchema":"1a1c01bbd47fc00a2c39e90264f33305004495a9","hash":"12542b6504d8be9ae31c34b234fcebd109135c7a"}
,"/Users/tylertowery/Desktop/HackReactor/Duplicates/sprite/client/src/components/reusable/Modal.jsx": {"path":"/Users/tylertowery/Desktop/HackReactor/Duplicates/sprite/client/src/components/reusable/Modal.jsx","statementMap":{"0":{"start":{"line":4,"column":2},"end":{"line":11,"column":4}},"1":{"start":{"line":6,"column":43},"end":{"line":6,"column":67}}},"fnMap":{"0":{"name":"Modal","decl":{"start":{"line":3,"column":24},"end":{"line":3,"column":29}},"loc":{"start":{"line":3,"column":69},"end":{"line":12,"column":1}},"line":3},"1":{"name":"(anonymous_1)","decl":{"start":{"line":6,"column":37},"end":{"line":6,"column":38}},"loc":{"start":{"line":6,"column":43},"end":{"line":6,"column":67}},"line":6}},"branchMap":{},"s":{"0":0,"1":0},"f":{"0":0,"1":0},"b":{},"_coverageSchema":"1a1c01bbd47fc00a2c39e90264f33305004495a9","hash":"c4d94990d3af3f92ccad8fc2da5e85040d05d167"}
,"/Users/tylertowery/Desktop/HackReactor/Duplicates/sprite/client/src/components/reusable/Report.jsx": {"path":"/Users/tylertowery/Desktop/HackReactor/Duplicates/sprite/client/src/components/reusable/Report.jsx","statementMap":{"0":{"start":{"line":6,"column":4},"end":{"line":12,"column":38}},"1":{"start":{"line":9,"column":8},"end":{"line":9,"column":31}},"2":{"start":{"line":10,"column":8},"end":{"line":10,"column":31}},"3":{"start":{"line":12,"column":22},"end":{"line":12,"column":36}},"4":{"start":{"line":14,"column":2},"end":{"line":18,"column":4}},"5":{"start":{"line":15,"column":41},"end":{"line":15,"column":53}}},"fnMap":{"0":{"name":"Report","decl":{"start":{"line":4,"column":24},"end":{"line":4,"column":30}},"loc":{"start":{"line":4,"column":68},"end":{"line":19,"column":1}},"line":4},"1":{"name":"sendReport","decl":{"start":{"line":5,"column":11},"end":{"line":5,"column":21}},"loc":{"start":{"line":5,"column":24},"end":{"line":13,"column":3}},"line":5},"2":{"name":"(anonymous_2)","decl":{"start":{"line":8,"column":12},"end":{"line":8,"column":13}},"loc":{"start":{"line":8,"column":18},"end":{"line":11,"column":7}},"line":8},"3":{"name":"(anonymous_3)","decl":{"start":{"line":12,"column":13},"end":{"line":12,"column":14}},"loc":{"start":{"line":12,"column":22},"end":{"line":12,"column":36}},"line":12},"4":{"name":"(anonymous_4)","decl":{"start":{"line":15,"column":35},"end":{"line":15,"column":36}},"loc":{"start":{"line":15,"column":41},"end":{"line":15,"column":53}},"line":15}},"branchMap":{},"s":{"0":0,"1":0,"2":0,"3":0,"4":0,"5":0},"f":{"0":0,"1":0,"2":0,"3":0,"4":0},"b":{},"_coverageSchema":"1a1c01bbd47fc00a2c39e90264f33305004495a9","hash":"4f9fedb541da0a07311fff79e47f3f5fd8714564"}
,"/Users/tylertowery/Desktop/HackReactor/Duplicates/sprite/client/src/helper/getAverage.js": {"path":"/Users/tylertowery/Desktop/HackReactor/Duplicates/sprite/client/src/helper/getAverage.js","statementMap":{"0":{"start":{"line":2,"column":14},"end":{"line":2,"column":15}},"1":{"start":{"line":3,"column":12},"end":{"line":3,"column":13}},"2":{"start":{"line":4,"column":2},"end":{"line":8,"column":3}},"3":{"start":{"line":4,"column":15},"end":{"line":4,"column":16}},"4":{"start":{"line":5,"column":18},"end":{"line":5,"column":39}},"5":{"start":{"line":6,"column":4},"end":{"line":6,"column":48}},"6":{"start":{"line":7,"column":4},"end":{"line":7,"column":34}},"7":{"start":{"line":9,"column":18},"end":{"line":9,"column":29}},"8":{"start":{"line":10,"column":2},"end":{"line":10,"column":58}}},"fnMap":{"0":{"name":"getAverage","decl":{"start":{"line":1,"column":24},"end":{"line":1,"column":34}},"loc":{"start":{"line":1,"column":42},"end":{"line":11,"column":1}},"line":1}},"branchMap":{},"s":{"0":0,"1":0,"2":0,"3":0,"4":0,"5":0,"6":0,"7":0,"8":0},"f":{"0":0},"b":{},"_coverageSchema":"1a1c01bbd47fc00a2c39e90264f33305004495a9","hash":"b87a09aea18d46a60075cc04bb4226cbe90519ff"}
,"/Users/tylertowery/Desktop/HackReactor/Duplicates/sprite/client/src/helper/getRange.js": {"path":"/Users/tylertowery/Desktop/HackReactor/Duplicates/sprite/client/src/helper/getRange.js","statementMap":{"0":{"start":{"line":2,"column":24},"end":{"line":2,"column":26}},"1":{"start":{"line":3,"column":14},"end":{"line":3,"column":45}},"2":{"start":{"line":4,"column":2},"end":{"line":6,"column":3}},"3":{"start":{"line":5,"column":4},"end":{"line":5,"column":15}},"4":{"start":{"line":7,"column":2},"end":{"line":9,"column":3}},"5":{"start":{"line":7,"column":15},"end":{"line":7,"column":16}},"6":{"start":{"line":8,"column":4},"end":{"line":8,"column":26}},"7":{"start":{"line":10,"column":2},"end":{"line":10,"column":23}}},"fnMap":{"0":{"name":"range","decl":{"start":{"line":1,"column":24},"end":{"line":1,"column":29}},"loc":{"start":{"line":1,"column":54},"end":{"line":11,"column":1}},"line":1}},"branchMap":{"0":{"loc":{"start":{"line":4,"column":2},"end":{"line":6,"column":3}},"type":"if","locations":[{"start":{"line":4,"column":2},"end":{"line":6,"column":3}},{"start":{},"end":{}}],"line":4}},"s":{"0":3,"1":3,"2":3,"3":1,"4":3,"5":3,"6":19,"7":3},"f":{"0":3},"b":{"0":[1,2]},"_coverageSchema":"1a1c01bbd47fc00a2c39e90264f33305004495a9","hash":"3bd5f24d42da12c96eee63145fd567948ffa2119"}
}
