TN:
SF:client/src/components/Modal/AddAnswerForm.jsx
FN:5,AddQuestionForm
FN:17,handleSubmit
FN:28,(anonymous_2)
FN:31,(anonymous_3)
FN:47,(anonymous_4)
FN:62,(anonymous_5)
FN:77,(anonymous_6)
FNF:7
FNH:0
FNDA:0,AddQuestionForm
FNDA:0,handleSubmit
FNDA:0,(anonymous_2)
FNDA:0,(anonymous_3)
FNDA:0,(anonymous_4)
FNDA:0,(anonymous_5)
FNDA:0,(anonymous_6)
DA:11,0
DA:18,0
DA:19,0
DA:26,0
DA:29,0
DA:31,0
DA:33,0
DA:48,0
DA:49,0
DA:50,0
DA:63,0
DA:64,0
DA:65,0
DA:78,0
DA:79,0
DA:80,0
DA:95,1
LF:17
LH:1
BRF:0
BRH:0
end_of_record
TN:
SF:client/src/components/Modal/AddQuestionForm.jsx
FN:5,AddQuestionForm
FN:16,handleSubmit
FN:27,(anonymous_2)
FN:31,(anonymous_3)
FN:46,(anonymous_4)
FN:61,(anonymous_5)
FN:76,(anonymous_6)
FNF:7
FNH:0
FNDA:0,AddQuestionForm
FNDA:0,handleSubmit
FNDA:0,(anonymous_2)
FNDA:0,(anonymous_3)
FNDA:0,(anonymous_4)
FNDA:0,(anonymous_5)
FNDA:0,(anonymous_6)
DA:10,0
DA:17,0
DA:18,0
DA:24,0
DA:25,0
DA:28,0
DA:29,0
DA:31,0
DA:33,0
DA:47,0
DA:48,0
DA:49,0
DA:62,0
DA:63,0
DA:64,0
DA:77,0
DA:78,0
DA:79,0
DA:88,1
LF:19
LH:1
BRF:0
BRH:0
end_of_record
TN:
SF:client/src/components/Modal/AddReviewForm.jsx
FN:5,AddQuestionForm
FN:67,handleSubmit
FN:83,(anonymous_2)
FN:86,(anonymous_3)
FN:89,handleCharacteristicTip
FN:105,(anonymous_5)
FN:111,(anonymous_6)
FN:134,(anonymous_7)
FN:138,(anonymous_8)
FN:144,(anonymous_9)
FNF:10
FNH:0
FNDA:0,AddQuestionForm
FNDA:0,handleSubmit
FNDA:0,(anonymous_2)
FNDA:0,(anonymous_3)
FNDA:0,handleCharacteristicTip
FNDA:0,(anonymous_5)
FNDA:0,(anonymous_6)
FNDA:0,(anonymous_7)
FNDA:0,(anonymous_8)
FNDA:0,(anonymous_9)
DA:6,0
DA:15,0
DA:22,0
DA:68,0
DA:69,0
DA:80,0
DA:81,0
DA:84,0
DA:86,0
DA:90,0
DA:91,0
DA:92,0
DA:94,0
DA:106,0
DA:112,0
DA:113,0
DA:114,0
DA:135,0
DA:139,0
DA:144,0
DA:162,1
LF:21
LH:1
BRF:0
BRH:0
end_of_record
TN:
SF:client/src/components/Modal/ImageExpand.jsx
FN:4,ImageExpand
FNF:1
FNH:0
FNDA:0,ImageExpand
DA:5,0
DA:8,1
LF:2
LH:1
BRF:0
BRH:0
end_of_record
TN:
SF:client/src/components/Modal/ModalRoute.jsx
FN:9,ModalRoute
FNF:1
FNH:0
FNDA:0,ModalRoute
DA:10,0
DA:12,0
DA:20,0
DA:29,0
DA:33,0
DA:35,0
DA:39,1
LF:7
LH:1
BRDA:10,0,0,0
BRDA:10,0,1,0
BRDA:10,0,2,0
BRDA:10,0,3,0
BRDA:10,0,4,0
BRF:5
BRH:0
end_of_record
TN:
SF:client/src/components/QuestionAnswers/QAItem.jsx
FN:9,QAItem
FN:15,(anonymous_1)
FN:17,(anonymous_2)
FN:34,(anonymous_3)
FN:54,(anonymous_4)
FN:62,(anonymous_5)
FN:81,AnswerItem
FN:96,(anonymous_7)
FN:110,(anonymous_8)
FN:116,(anonymous_9)
FNF:10
FNH:0
FNDA:0,QAItem
FNDA:0,(anonymous_1)
FNDA:0,(anonymous_2)
FNDA:0,(anonymous_3)
FNDA:0,(anonymous_4)
FNDA:0,(anonymous_5)
FNDA:0,AnswerItem
FNDA:0,(anonymous_7)
FNDA:0,(anonymous_8)
FNDA:0,(anonymous_9)
DA:10,0
DA:11,0
DA:12,0
DA:13,0
DA:15,0
DA:16,0
DA:17,0
DA:19,0
DA:20,0
DA:21,0
DA:23,0
DA:24,0
DA:34,0
DA:55,0
DA:63,0
DA:82,0
DA:83,0
DA:84,0
DA:86,0
DA:91,0
DA:96,0
DA:97,0
DA:98,0
DA:101,0
DA:111,0
DA:116,0
DA:160,1
DA:174,1
LF:28
LH:2
BRDA:19,0,0,0
BRDA:19,0,1,0
BRDA:38,1,0,0
BRDA:38,1,1,0
BRDA:59,2,0,0
BRDA:59,2,1,0
BRDA:59,3,0,0
BRDA:59,3,1,0
BRDA:71,4,0,0
BRDA:71,4,1,0
BRDA:120,5,0,0
BRDA:120,5,1,0
BRDA:145,6,0,0
BRDA:145,6,1,0
BRF:14
BRH:0
end_of_record
TN:
SF:client/src/components/RelatedProducts/Outfit.jsx
FN:6,Outfit
FN:8,(anonymous_1)
FN:10,(anonymous_2)
FN:12,(anonymous_3)
FN:16,(anonymous_4)
FNF:5
FNH:1
FNDA:4,Outfit
FNDA:0,(anonymous_1)
FNDA:0,(anonymous_2)
FNDA:0,(anonymous_3)
FNDA:0,(anonymous_4)
DA:7,4
DA:8,4
DA:9,0
DA:11,0
DA:12,0
DA:13,0
DA:14,0
DA:16,0
DA:19,4
DA:38,1
LF:10
LH:4
BRDA:22,0,0,0
BRDA:22,0,1,4
BRF:2
BRH:1
end_of_record
TN:
SF:client/src/components/reusable/Helpful.jsx
FN:4,Helpful
FN:7,(anonymous_1)
FN:12,sendHelpful
FN:15,(anonymous_3)
FN:19,(anonymous_4)
FN:31,(anonymous_5)
FNF:6
FNH:0
FNDA:0,Helpful
FNDA:0,(anonymous_1)
FNDA:0,sendHelpful
FNDA:0,(anonymous_3)
FNDA:0,(anonymous_4)
FNDA:0,(anonymous_5)
DA:5,0
DA:6,0
DA:7,0
DA:8,0
DA:9,0
DA:13,0
DA:16,0
DA:17,0
DA:19,0
DA:21,0
DA:31,0
LF:11
LH:0
BRDA:8,0,0,0
BRDA:8,0,1,0
BRDA:31,1,0,0
BRDA:31,1,1,0
BRF:4
BRH:0
end_of_record
TN:
SF:client/src/components/reusable/Modal.jsx
FN:3,Modal
FN:6,(anonymous_1)
FNF:2
FNH:0
FNDA:0,Modal
FNDA:0,(anonymous_1)
DA:4,0
DA:6,0
LF:2
LH:0
BRF:0
BRH:0
end_of_record
TN:
SF:client/src/components/reusable/Report.jsx
FN:4,Report
FN:5,sendReport
FN:8,(anonymous_2)
FN:12,(anonymous_3)
FN:15,(anonymous_4)
FNF:5
FNH:0
FNDA:0,Report
FNDA:0,sendReport
FNDA:0,(anonymous_2)
FNDA:0,(anonymous_3)
FNDA:0,(anonymous_4)
DA:6,0
DA:9,0
DA:10,0
DA:12,0
DA:14,0
DA:15,0
LF:6
LH:0
BRF:0
BRH:0
end_of_record
TN:
SF:client/src/helper/getAverage.js
FN:1,getAverage
FNF:1
FNH:0
FNDA:0,getAverage
DA:2,0
DA:3,0
DA:4,0
DA:5,0
DA:6,0
DA:7,0
DA:9,0
DA:10,0
LF:8
LH:0
BRF:0
BRH:0
end_of_record
TN:
SF:client/src/helper/getRange.js
FN:1,range
FNF:1
FNH:1
FNDA:3,range
DA:2,3
DA:3,3
DA:4,3
DA:5,1
DA:7,3
DA:8,19
DA:10,3
LF:7
LH:7
BRDA:4,0,0,1
BRDA:4,0,1,2
BRF:2
BRH:2
end_of_record
